<?xml version="1.0" encoding="UTF-8"?>
<!-- Generated by org.testng.reporters.JUnitReportReporter -->
<testsuite skipped="0" hostname="DVCINH6097795" name="com.testvagrnat.qa.testcases.ImdWikiTest" tests="1" failures="0" timestamp="2022-11-05T16:33:13 IST" time="43.932" errors="0">
  <testcase name="verifyReleaseDateAndCountry" time="43.932" classname="com.testvagrnat.qa.testcases.ImdWikiTest"/>
  <system-out>
    <![CDATA[About to begin executing following method : ImdWikiTest.verifyReleaseDateAndCountry
Completed executing following method : ImdWikiTest.verifyReleaseDateAndCountry
About to begin executing following method : ImdWikiTest.quite]]>
  </system-out>
</testsuite> <!-- com.testvagrnat.qa.testcases.ImdWikiTest -->
